<?xml version="1.0" encoding="UTF-8"?>
<!-- Generated by org.testng.reporters.JUnitReportReporter -->
<testsuite hostname="DESKTOP-FHM8NK9" failures="0" tests="2" name="webElements.SelectAutosuggest" time="127.896" errors="0" timestamp="2024-05-08T12:33:01 IST" skipped="0">
  <testcase classname="webElements.SelectAutosuggest" name="scenario1" time="65.276"/>
  <testcase classname="webElements.SelectAutosuggest" name="scenario1" time="62.620"/>
</testsuite> <!-- webElements.SelectAutosuggest -->
